  [1m[35m (1.4ms)[0m  [1m[35mCREATE DATABASE "movie_blog_rails_app_development" ENCODING = 'unicode'[0m
  [1m[35m (0.4ms)[0m  [1m[35mCREATE DATABASE "movie_blog_rails_app_test" ENCODING = 'unicode'[0m
  [1m[35m (1.6ms)[0m  [1m[34mSELECT "schema_migrations"."version" FROM "schema_migrations" ORDER BY "schema_migrations"."version" ASC[0m
  [1m[35m (0.8ms)[0m  [1m[34mSELECT "ar_internal_metadata"."value" FROM "ar_internal_metadata" WHERE "ar_internal_metadata"."key" = $1[0m  [["key", "environment"]]
  [1m[35m (0.2ms)[0m  [1m[34mSELECT "schema_migrations"."version" FROM "schema_migrations" ORDER BY "schema_migrations"."version" ASC[0m
  [1m[35m (0.5ms)[0m  [1m[34mSELECT "ar_internal_metadata"."value" FROM "ar_internal_metadata" WHERE "ar_internal_metadata"."key" = $1[0m  [["key", "environment"]]
  [1m[35m (0.2ms)[0m  [1m[34mSELECT "schema_migrations"."version" FROM "schema_migrations" ORDER BY "schema_migrations"."version" ASC[0m
  [1m[35m (0.1ms)[0m  [1m[34mSELECT "ar_internal_metadata"."value" FROM "ar_internal_metadata" WHERE "ar_internal_metadata"."key" = $1[0m  [["key", "environment"]]
  [1m[35m (44.2ms)[0m  [1m[35mDROP DATABASE IF EXISTS "movie_blog_rails_app_development"[0m
  [1m[35m (46.7ms)[0m  [1m[35mDROP DATABASE IF EXISTS "movie_blog_rails_app_test"[0m
  [1m[35m (236.5ms)[0m  [1m[35mCREATE DATABASE "movie_blog_rails_app_development" ENCODING = 'unicode'[0m
  [1m[35m (89.6ms)[0m  [1m[35mCREATE DATABASE "movie_blog_rails_app_test" ENCODING = 'unicode'[0m
  [1m[35m (17.1ms)[0m  [1m[35mCREATE TABLE "schema_migrations" ("version" character varying NOT NULL PRIMARY KEY)[0m
  [1m[35m (2.7ms)[0m  [1m[35mCREATE TABLE "ar_internal_metadata" ("key" character varying NOT NULL PRIMARY KEY, "value" character varying, "created_at" timestamp(6) NOT NULL, "updated_at" timestamp(6) NOT NULL)[0m
  [1m[35m (0.5ms)[0m  [1m[34mSELECT pg_try_advisory_lock(2176089931316302365)[0m
  [1m[35m (0.4ms)[0m  [1m[34mSELECT "schema_migrations"."version" FROM "schema_migrations" ORDER BY "schema_migrations"."version" ASC[0m
Migrating to CreateUsers (20200407225027)
  [1m[35m (0.1ms)[0m  [1m[35mBEGIN[0m
  [1m[35m (4.1ms)[0m  [1m[35mCREATE TABLE "users" ("id" bigserial primary key, "username" character varying, "email" character varying, "password_digest" character varying, "created_at" timestamp(6) NOT NULL, "updated_at" timestamp(6) NOT NULL)[0m
  [1m[36mprimary::SchemaMigration Create (0.5ms)[0m  [1m[32mINSERT INTO "schema_migrations" ("version") VALUES ($1) RETURNING "version"[0m  [["version", "20200407225027"]]
  [1m[35m (0.3ms)[0m  [1m[35mCOMMIT[0m
Migrating to CreateMovies (20200407225136)
  [1m[35m (0.2ms)[0m  [1m[35mBEGIN[0m
  [1m[35m (2.4ms)[0m  [1m[35mCREATE TABLE "movies" ("id" bigserial primary key, "title" character varying, "year_released" integer, "director" character varying, "created_at" timestamp(6) NOT NULL, "updated_at" timestamp(6) NOT NULL)[0m
  [1m[36mprimary::SchemaMigration Create (0.2ms)[0m  [1m[32mINSERT INTO "schema_migrations" ("version") VALUES ($1) RETURNING "version"[0m  [["version", "20200407225136"]]
  [1m[35m (0.3ms)[0m  [1m[35mCOMMIT[0m
Migrating to CreatePosts (20200407225232)
  [1m[35m (0.4ms)[0m  [1m[35mBEGIN[0m
  [1m[35m (11.8ms)[0m  [1m[35mCREATE TABLE "posts" ("id" bigserial primary key, "content" character varying, "user_id" bigint, "movie_id" bigint, "created_at" timestamp(6) NOT NULL, "updated_at" timestamp(6) NOT NULL, CONSTRAINT "fk_rails_5b5ddfd518"
FOREIGN KEY ("user_id")
  REFERENCES "users" ("id")
, CONSTRAINT "fk_rails_dc8b0ff29c"
FOREIGN KEY ("movie_id")
  REFERENCES "movies" ("id")
)[0m
  [1m[35m (0.9ms)[0m  [1m[35mCREATE  INDEX  "index_posts_on_user_id" ON "posts"  ("user_id")[0m
  [1m[35m (0.8ms)[0m  [1m[35mCREATE  INDEX  "index_posts_on_movie_id" ON "posts"  ("movie_id")[0m
  [1m[36mprimary::SchemaMigration Create (0.5ms)[0m  [1m[32mINSERT INTO "schema_migrations" ("version") VALUES ($1) RETURNING "version"[0m  [["version", "20200407225232"]]
  [1m[35m (0.6ms)[0m  [1m[35mCOMMIT[0m
  [1m[36mActiveRecord::InternalMetadata Load (0.3ms)[0m  [1m[34mSELECT "ar_internal_metadata".* FROM "ar_internal_metadata" WHERE "ar_internal_metadata"."key" = $1 LIMIT $2[0m  [["key", "environment"], ["LIMIT", 1]]
  [1m[35m (0.2ms)[0m  [1m[35mBEGIN[0m
  [1m[36mActiveRecord::InternalMetadata Create (1.8ms)[0m  [1m[32mINSERT INTO "ar_internal_metadata" ("key", "value", "created_at", "updated_at") VALUES ($1, $2, $3, $4) RETURNING "key"[0m  [["key", "environment"], ["value", "development"], ["created_at", "2020-04-07 22:55:22.417274"], ["updated_at", "2020-04-07 22:55:22.417274"]]
  [1m[35m (0.4ms)[0m  [1m[35mCOMMIT[0m
  [1m[35m (0.2ms)[0m  [1m[34mSELECT pg_advisory_unlock(2176089931316302365)[0m
  [1m[35m (0.5ms)[0m  [1m[34mSELECT "schema_migrations"."version" FROM "schema_migrations" ORDER BY "schema_migrations"."version" ASC[0m
Started POST "/users" for ::1 at 2020-04-08 07:53:06 -0400
  [1m[35m (0.6ms)[0m  [1m[34mSELECT "schema_migrations"."version" FROM "schema_migrations" ORDER BY "schema_migrations"."version" ASC[0m
Processing by UsersController#create as */*
  Parameters: {"user"=>{"username"=>"rico1", "email"=>"rico1@email.com", "password"=>"[FILTERED]"}}
  [1m[35m (0.1ms)[0m  [1m[35mBEGIN[0m
  ↳ app/controllers/users_controller.rb:20:in `create'
  [1m[36mUser Exists? (2.4ms)[0m  [1m[34mSELECT 1 AS one FROM "users" WHERE "users"."username" = $1 LIMIT $2[0m  [["username", "rico1"], ["LIMIT", 1]]
  ↳ app/controllers/users_controller.rb:20:in `create'
  [1m[36mUser Exists? (0.2ms)[0m  [1m[34mSELECT 1 AS one FROM "users" WHERE "users"."email" = $1 LIMIT $2[0m  [["email", "rico1@email.com"], ["LIMIT", 1]]
  ↳ app/controllers/users_controller.rb:20:in `create'
  [1m[36mUser Create (3.7ms)[0m  [1m[32mINSERT INTO "users" ("username", "email", "password_digest", "created_at", "updated_at") VALUES ($1, $2, $3, $4, $5) RETURNING "id"[0m  [["username", "rico1"], ["email", "rico1@email.com"], ["password_digest", "$2a$12$o57F9EhOZNHEefLZnMF8fOViM1rUvRZBF/bWJbyYsE/oyjV7bHRZm"], ["created_at", "2020-04-08 11:53:07.355227"], ["updated_at", "2020-04-08 11:53:07.355227"]]
  ↳ app/controllers/users_controller.rb:20:in `create'
  [1m[35m (0.7ms)[0m  [1m[35mCOMMIT[0m
  ↳ app/controllers/users_controller.rb:20:in `create'
Completed 201 Created in 269ms (Views: 1.6ms | ActiveRecord: 15.3ms | Allocations: 9537)


Started POST "/auth/login" for ::1 at 2020-04-08 07:54:10 -0400
Processing by AuthenticationController#login as */*
  Parameters: {"auth"=>{"username"=>"rico1", "email"=>"rico1@email.com", "password"=>"[FILTERED]"}, "authentication"=>{"auth"=>{"username"=>"rico1", "email"=>"rico1@email.com", "password"=>"[FILTERED]"}}}
[31mUnpermitted parameter: :email[0m
  [1m[36mUser Load (1.0ms)[0m  [1m[34mSELECT "users".* FROM "users" WHERE "users"."username" = $1 LIMIT $2[0m  [["username", "rico1"], ["LIMIT", 1]]
  ↳ app/controllers/authentication_controller.rb:6:in `login'
[31mUnpermitted parameter: :email[0m
Completed 200 OK in 220ms (Views: 0.3ms | ActiveRecord: 1.6ms | Allocations: 1368)


Started POST "/auth/login" for ::1 at 2020-04-08 07:59:38 -0400
Processing by AuthenticationController#login as */*
  Parameters: {"auth"=>{"username"=>"rico2", "email"=>"rico2@email.com", "password"=>"[FILTERED]"}, "authentication"=>{"auth"=>{"username"=>"rico2", "email"=>"rico2@email.com", "password"=>"[FILTERED]"}}}
[31mUnpermitted parameter: :email[0m
  [1m[36mUser Load (0.2ms)[0m  [1m[34mSELECT "users".* FROM "users" WHERE "users"."username" = $1 LIMIT $2[0m  [["username", "rico2"], ["LIMIT", 1]]
  ↳ app/controllers/authentication_controller.rb:6:in `login'
[31mUnpermitted parameter: :email[0m
Completed 500 Internal Server Error in 8ms (ActiveRecord: 1.2ms | Allocations: 2663)


  
NoMethodError (undefined method `authenticate' for nil:NilClass):
  
app/controllers/authentication_controller.rb:7:in `login'
Started POST "/auth/login" for ::1 at 2020-04-08 08:00:04 -0400
Processing by AuthenticationController#login as */*
  Parameters: {"user"=>{"username"=>"rico2", "email"=>"rico2@email.com", "password"=>"[FILTERED]"}, "authentication"=>{"user"=>{"username"=>"rico2", "email"=>"rico2@email.com", "password"=>"[FILTERED]"}}}
Completed 400 Bad Request in 0ms (ActiveRecord: 0.0ms | Allocations: 141)


  
ActionController::ParameterMissing (param is missing or the value is empty: auth):
  
app/controllers/authentication_controller.rb:24:in `login_params'
app/controllers/authentication_controller.rb:6:in `login'
Started POST "/users" for ::1 at 2020-04-08 08:00:23 -0400
Processing by UsersController#create as */*
  Parameters: {"user"=>{"username"=>"rico2", "email"=>"rico2@email.com", "password"=>"[FILTERED]"}}
  [1m[35m (0.2ms)[0m  [1m[35mBEGIN[0m
  ↳ app/controllers/users_controller.rb:20:in `create'
  [1m[36mUser Exists? (0.2ms)[0m  [1m[34mSELECT 1 AS one FROM "users" WHERE "users"."username" = $1 LIMIT $2[0m  [["username", "rico2"], ["LIMIT", 1]]
  ↳ app/controllers/users_controller.rb:20:in `create'
  [1m[36mUser Exists? (0.2ms)[0m  [1m[34mSELECT 1 AS one FROM "users" WHERE "users"."email" = $1 LIMIT $2[0m  [["email", "rico2@email.com"], ["LIMIT", 1]]
  ↳ app/controllers/users_controller.rb:20:in `create'
  [1m[36mUser Create (0.2ms)[0m  [1m[32mINSERT INTO "users" ("username", "email", "password_digest", "created_at", "updated_at") VALUES ($1, $2, $3, $4, $5) RETURNING "id"[0m  [["username", "rico2"], ["email", "rico2@email.com"], ["password_digest", "$2a$12$lhHQns5qU81ngN/QIdSC9.18q/zjpjKv.EhuKba.unFfCJMcLroF2"], ["created_at", "2020-04-08 12:00:24.213028"], ["updated_at", "2020-04-08 12:00:24.213028"]]
  ↳ app/controllers/users_controller.rb:20:in `create'
  [1m[35m (0.6ms)[0m  [1m[35mCOMMIT[0m
  ↳ app/controllers/users_controller.rb:20:in `create'
Completed 500 Internal Server Error in 227ms (ActiveRecord: 3.9ms | Allocations: 10340)


  
NameError (undefined local variable or method `craeted_at' for #<User:0x00007fb7944e8e48>
Did you mean?  created_at
               created_at?
               created_at=):
  
app/models/user.rb:14:in `frontend_data'
app/controllers/users_controller.rb:22:in `create'
Started POST "/users" for ::1 at 2020-04-08 08:00:53 -0400
Processing by UsersController#create as */*
  Parameters: {"user"=>{"username"=>"rico2", "email"=>"rico2@email.com", "password"=>"[FILTERED]"}}
  [1m[35m (0.1ms)[0m  [1m[35mBEGIN[0m
  ↳ app/controllers/users_controller.rb:20:in `create'
  [1m[36mUser Exists? (0.2ms)[0m  [1m[34mSELECT 1 AS one FROM "users" WHERE "users"."username" = $1 LIMIT $2[0m  [["username", "rico2"], ["LIMIT", 1]]
  ↳ app/controllers/users_controller.rb:20:in `create'
  [1m[36mUser Exists? (0.2ms)[0m  [1m[34mSELECT 1 AS one FROM "users" WHERE "users"."email" = $1 LIMIT $2[0m  [["email", "rico2@email.com"], ["LIMIT", 1]]
  ↳ app/controllers/users_controller.rb:20:in `create'
  [1m[35m (0.1ms)[0m  [1m[31mROLLBACK[0m
  ↳ app/controllers/users_controller.rb:20:in `create'
Completed 422 Unprocessable Entity in 226ms (Views: 0.2ms | ActiveRecord: 2.9ms | Allocations: 11122)


Started POST "/users" for ::1 at 2020-04-08 08:01:10 -0400
Processing by UsersController#create as */*
  Parameters: {"user"=>{"username"=>"rico3", "email"=>"rico3@email.com", "password"=>"[FILTERED]"}}
  [1m[35m (0.3ms)[0m  [1m[35mBEGIN[0m
  ↳ app/controllers/users_controller.rb:20:in `create'
  [1m[36mUser Exists? (0.5ms)[0m  [1m[34mSELECT 1 AS one FROM "users" WHERE "users"."username" = $1 LIMIT $2[0m  [["username", "rico3"], ["LIMIT", 1]]
  ↳ app/controllers/users_controller.rb:20:in `create'
  [1m[36mUser Exists? (0.2ms)[0m  [1m[34mSELECT 1 AS one FROM "users" WHERE "users"."email" = $1 LIMIT $2[0m  [["email", "rico3@email.com"], ["LIMIT", 1]]
  ↳ app/controllers/users_controller.rb:20:in `create'
  [1m[36mUser Create (0.2ms)[0m  [1m[32mINSERT INTO "users" ("username", "email", "password_digest", "created_at", "updated_at") VALUES ($1, $2, $3, $4, $5) RETURNING "id"[0m  [["username", "rico3"], ["email", "rico3@email.com"], ["password_digest", "$2a$12$PmCoz6.Mh3PYxavkpt0QxO84ycIGmFYPTOSI31ksk6vfUmnsDDWCu"], ["created_at", "2020-04-08 12:01:10.765702"], ["updated_at", "2020-04-08 12:01:10.765702"]]
  ↳ app/controllers/users_controller.rb:20:in `create'
  [1m[35m (0.6ms)[0m  [1m[35mCOMMIT[0m
  ↳ app/controllers/users_controller.rb:20:in `create'
Completed 201 Created in 216ms (Views: 0.3ms | ActiveRecord: 1.8ms | Allocations: 4557)


  [1m[36mUser Load (0.5ms)[0m  [1m[34mSELECT "users".* FROM "users" LIMIT $1[0m  [["LIMIT", 11]]
  [1m[35m (0.7ms)[0m  [1m[34mSELECT "schema_migrations"."version" FROM "schema_migrations" ORDER BY "schema_migrations"."version" ASC[0m
  [1m[35m (0.2ms)[0m  [1m[35mBEGIN[0m
  [1m[36mUser Exists? (1.0ms)[0m  [1m[34mSELECT 1 AS one FROM "users" WHERE "users"."username" = $1 LIMIT $2[0m  [["username", "rico4"], ["LIMIT", 1]]
  [1m[36mUser Exists? (0.3ms)[0m  [1m[34mSELECT 1 AS one FROM "users" WHERE "users"."email" = $1 LIMIT $2[0m  [["email", "rico4@email.com"], ["LIMIT", 1]]
  [1m[35m (0.2ms)[0m  [1m[31mROLLBACK[0m
  [1m[35m (0.5ms)[0m  [1m[34mSELECT "schema_migrations"."version" FROM "schema_migrations" ORDER BY "schema_migrations"."version" ASC[0m
  [1m[35m (0.1ms)[0m  [1m[35mBEGIN[0m
  [1m[36mUser Exists? (0.5ms)[0m  [1m[34mSELECT 1 AS one FROM "users" WHERE "users"."username" = $1 LIMIT $2[0m  [["username", "rico4"], ["LIMIT", 1]]
  [1m[36mUser Exists? (0.2ms)[0m  [1m[34mSELECT 1 AS one FROM "users" WHERE "users"."email" = $1 LIMIT $2[0m  [["email", "rico4@email.com"], ["LIMIT", 1]]
  [1m[35m (0.1ms)[0m  [1m[31mROLLBACK[0m
  [1m[35m (0.1ms)[0m  [1m[35mBEGIN[0m
  [1m[36mUser Exists? (0.2ms)[0m  [1m[34mSELECT 1 AS one FROM "users" WHERE "users"."username" = $1 LIMIT $2[0m  [["username", "rico4"], ["LIMIT", 1]]
  [1m[36mUser Exists? (0.2ms)[0m  [1m[34mSELECT 1 AS one FROM "users" WHERE "users"."email" = $1 LIMIT $2[0m  [["email", "rico4@email.com"], ["LIMIT", 1]]
  [1m[35m (0.2ms)[0m  [1m[31mROLLBACK[0m
  [1m[35m (0.1ms)[0m  [1m[35mBEGIN[0m
  [1m[36mUser Exists? (0.2ms)[0m  [1m[34mSELECT 1 AS one FROM "users" WHERE "users"."username" = $1 LIMIT $2[0m  [["username", "rico4"], ["LIMIT", 1]]
  [1m[36mUser Exists? (0.2ms)[0m  [1m[34mSELECT 1 AS one FROM "users" WHERE "users"."email" = $1 LIMIT $2[0m  [["email", "rico4@email.com"], ["LIMIT", 1]]
  [1m[35m (0.1ms)[0m  [1m[31mROLLBACK[0m
  [1m[35m (0.5ms)[0m  [1m[34mSELECT "schema_migrations"."version" FROM "schema_migrations" ORDER BY "schema_migrations"."version" ASC[0m
  [1m[35m (0.1ms)[0m  [1m[35mBEGIN[0m
  [1m[36mUser Exists? (0.5ms)[0m  [1m[34mSELECT 1 AS one FROM "users" WHERE "users"."username" = $1 LIMIT $2[0m  [["username", "rico4"], ["LIMIT", 1]]
  [1m[36mUser Exists? (0.2ms)[0m  [1m[34mSELECT 1 AS one FROM "users" WHERE "users"."email" = $1 LIMIT $2[0m  [["email", "rico4@email.com"], ["LIMIT", 1]]
  [1m[35m (0.2ms)[0m  [1m[31mROLLBACK[0m
  [1m[35m (0.4ms)[0m  [1m[34mSELECT "schema_migrations"."version" FROM "schema_migrations" ORDER BY "schema_migrations"."version" ASC[0m
  [1m[35m (0.1ms)[0m  [1m[35mBEGIN[0m
  [1m[36mUser Exists? (0.6ms)[0m  [1m[34mSELECT 1 AS one FROM "users" WHERE "users"."username" = $1 LIMIT $2[0m  [["username", "rico4"], ["LIMIT", 1]]
  [1m[36mUser Exists? (0.1ms)[0m  [1m[34mSELECT 1 AS one FROM "users" WHERE "users"."email" = $1 LIMIT $2[0m  [["email", "rico4@email.com"], ["LIMIT", 1]]
  [1m[35m (0.1ms)[0m  [1m[31mROLLBACK[0m
  [1m[35m (0.5ms)[0m  [1m[34mSELECT "schema_migrations"."version" FROM "schema_migrations" ORDER BY "schema_migrations"."version" ASC[0m
  [1m[35m (0.1ms)[0m  [1m[35mBEGIN[0m
  [1m[36mUser Exists? (0.5ms)[0m  [1m[34mSELECT 1 AS one FROM "users" WHERE "users"."username" = $1 LIMIT $2[0m  [["username", "rico4"], ["LIMIT", 1]]
  [1m[36mUser Exists? (0.1ms)[0m  [1m[34mSELECT 1 AS one FROM "users" WHERE "users"."email" = $1 LIMIT $2[0m  [["email", "rico4@email.com"], ["LIMIT", 1]]
  [1m[36mUser Create (0.4ms)[0m  [1m[32mINSERT INTO "users" ("username", "email", "password_digest", "created_at", "updated_at") VALUES ($1, $2, $3, $4, $5) RETURNING "id"[0m  [["username", "rico4"], ["email", "rico4@email.com"], ["password_digest", "1234567"], ["created_at", "2020-04-08 15:27:59.587855"], ["updated_at", "2020-04-08 15:27:59.587855"]]
  [1m[35m (0.3ms)[0m  [1m[35mCOMMIT[0m
  [1m[35m (0.1ms)[0m  [1m[35mBEGIN[0m
  [1m[36mUser Exists? (0.3ms)[0m  [1m[34mSELECT 1 AS one FROM "users" WHERE "users"."username" = $1 AND "users"."id" != $2 LIMIT $3[0m  [["username", "rico4"], ["id", 4], ["LIMIT", 1]]
  [1m[36mUser Exists? (0.2ms)[0m  [1m[34mSELECT 1 AS one FROM "users" WHERE "users"."email" = $1 AND "users"."id" != $2 LIMIT $3[0m  [["email", "rico4@email.com"], ["id", 4], ["LIMIT", 1]]
  [1m[36mMovie Create (0.6ms)[0m  [1m[32mINSERT INTO "movies" ("title", "year_released", "director", "created_at", "updated_at") VALUES ($1, $2, $3, $4, $5) RETURNING "id"[0m  [["title", "Pootie Tang"], ["year_released", 2001], ["director", "Louis C.K."], ["created_at", "2020-04-08 15:27:59.632048"], ["updated_at", "2020-04-08 15:27:59.632048"]]
  [1m[36mPost Create (5.3ms)[0m  [1m[32mINSERT INTO "posts" ("user_id", "movie_id", "created_at", "updated_at") VALUES ($1, $2, $3, $4) RETURNING "id"[0m  [["user_id", 4], ["movie_id", 1], ["created_at", "2020-04-08 15:27:59.636377"], ["updated_at", "2020-04-08 15:27:59.636377"]]
  [1m[35m (0.2ms)[0m  [1m[35mCOMMIT[0m
  [1m[35m (0.1ms)[0m  [1m[35mBEGIN[0m
  [1m[36mUser Exists? (0.3ms)[0m  [1m[34mSELECT 1 AS one FROM "users" WHERE "users"."username" = $1 AND "users"."id" != $2 LIMIT $3[0m  [["username", "rico4"], ["id", 4], ["LIMIT", 1]]
  [1m[36mUser Exists? (0.2ms)[0m  [1m[34mSELECT 1 AS one FROM "users" WHERE "users"."email" = $1 AND "users"."id" != $2 LIMIT $3[0m  [["email", "rico4@email.com"], ["id", 4], ["LIMIT", 1]]
  [1m[36mMovie Create (0.3ms)[0m  [1m[32mINSERT INTO "movies" ("title", "year_released", "director", "created_at", "updated_at") VALUES ($1, $2, $3, $4, $5) RETURNING "id"[0m  [["title", "Rock'n'roll Highschool"], ["year_released", 1980], ["director", "Roger Corman"], ["created_at", "2020-04-08 15:27:59.658812"], ["updated_at", "2020-04-08 15:27:59.658812"]]
  [1m[36mPost Create (0.4ms)[0m  [1m[32mINSERT INTO "posts" ("user_id", "movie_id", "created_at", "updated_at") VALUES ($1, $2, $3, $4) RETURNING "id"[0m  [["user_id", 4], ["movie_id", 2], ["created_at", "2020-04-08 15:27:59.663116"], ["updated_at", "2020-04-08 15:27:59.663116"]]
  [1m[35m (0.4ms)[0m  [1m[35mCOMMIT[0m
Started POST "/movies" for ::1 at 2020-04-08 16:35:47 -0400
  [1m[35m (0.6ms)[0m  [1m[34mSELECT "schema_migrations"."version" FROM "schema_migrations" ORDER BY "schema_migrations"."version" ASC[0m
Processing by MoviesController#create as */*
  Parameters: {"movie"=>{"title"=>"Midsommar", "year_released"=>2019, "director"=>"Ari Aster"}}
  [1m[35m (0.2ms)[0m  [1m[35mBEGIN[0m
  ↳ app/controllers/movies_controller.rb:20:in `create'
  [1m[36mMovie Create (0.7ms)[0m  [1m[32mINSERT INTO "movies" ("title", "year_released", "director", "created_at", "updated_at") VALUES ($1, $2, $3, $4, $5) RETURNING "id"[0m  [["title", "Midsommar"], ["year_released", 2019], ["director", "Ari Aster"], ["created_at", "2020-04-08 20:35:47.680305"], ["updated_at", "2020-04-08 20:35:47.680305"]]
  ↳ app/controllers/movies_controller.rb:20:in `create'
  [1m[35m (0.5ms)[0m  [1m[35mCOMMIT[0m
  ↳ app/controllers/movies_controller.rb:20:in `create'
Completed 201 Created in 36ms (Views: 0.7ms | ActiveRecord: 5.9ms | Allocations: 7045)


Started GET "/users?Authorization=Bearer%20eyJhbGciOiJIUzI1NiJ9.eyJ1c2VyX2lkIjozLCJ1c2VybmFtZSI6InJpY28zIiwiZXhwIjoxNTg2NDMzNjcwfQ.FdsaIRyUycqJhNVmRH_oc7aPnSLrRHSJGfJhR1uL-4k" for ::1 at 2020-04-08 16:38:55 -0400
Processing by UsersController#index as */*
  Parameters: {"Authorization"=>"Bearer eyJhbGciOiJIUzI1NiJ9.eyJ1c2VyX2lkIjozLCJ1c2VybmFtZSI6InJpY28zIiwiZXhwIjoxNTg2NDMzNjcwfQ.FdsaIRyUycqJhNVmRH_oc7aPnSLrRHSJGfJhR1uL-4k", "user"=>{}}
  [1m[36mUser Load (0.5ms)[0m  [1m[34mSELECT "users".* FROM "users"[0m
  ↳ app/controllers/users_controller.rb:8:in `index'
Completed 200 OK in 8ms (Views: 5.7ms | ActiveRecord: 3.4ms | Allocations: 4802)


Started GET "/movies/3/users/1?Authorization%20=Bearer%20eyJhbGciOiJIUzI1NiJ9.eyJ1c2VyX2lkIjozLCJ1c2VybmFtZSI6InJpY28zIiwiZXhwIjoxNTg2NDMzNjcwfQ.FdsaIRyUycqJhNVmRH_oc7aPnSLrRHSJGfJhR1uL-4k" for ::1 at 2020-04-08 16:42:22 -0400
  
ActionController::RoutingError (No route matches [GET] "/movies/3/users/1"):
  
actionpack (6.0.2.2) lib/action_dispatch/middleware/debug_exceptions.rb:36:in `call'
actionpack (6.0.2.2) lib/action_dispatch/middleware/show_exceptions.rb:33:in `call'
railties (6.0.2.2) lib/rails/rack/logger.rb:38:in `call_app'
railties (6.0.2.2) lib/rails/rack/logger.rb:26:in `block in call'
activesupport (6.0.2.2) lib/active_support/tagged_logging.rb:80:in `block in tagged'
activesupport (6.0.2.2) lib/active_support/tagged_logging.rb:28:in `tagged'
activesupport (6.0.2.2) lib/active_support/tagged_logging.rb:80:in `tagged'
railties (6.0.2.2) lib/rails/rack/logger.rb:26:in `call'
actionpack (6.0.2.2) lib/action_dispatch/middleware/remote_ip.rb:81:in `call'
actionpack (6.0.2.2) lib/action_dispatch/middleware/request_id.rb:27:in `call'
rack (2.2.2) lib/rack/runtime.rb:22:in `call'
activesupport (6.0.2.2) lib/active_support/cache/strategy/local_cache_middleware.rb:29:in `call'
actionpack (6.0.2.2) lib/action_dispatch/middleware/executor.rb:14:in `call'
actionpack (6.0.2.2) lib/action_dispatch/middleware/static.rb:126:in `call'
rack (2.2.2) lib/rack/sendfile.rb:110:in `call'
actionpack (6.0.2.2) lib/action_dispatch/middleware/host_authorization.rb:83:in `call'
railties (6.0.2.2) lib/rails/engine.rb:526:in `call'
puma (4.3.3) lib/puma/configuration.rb:228:in `call'
puma (4.3.3) lib/puma/server.rb:682:in `handle_request'
puma (4.3.3) lib/puma/server.rb:472:in `process_client'
puma (4.3.3) lib/puma/server.rb:328:in `block in run'
puma (4.3.3) lib/puma/thread_pool.rb:134:in `block in spawn_thread'
Started GET "/users/1/movies/3/?Authorization%20=Bearer%20eyJhbGciOiJIUzI1NiJ9.eyJ1c2VyX2lkIjozLCJ1c2VybmFtZSI6InJpY28zIiwiZXhwIjoxNTg2NDMzNjcwfQ.FdsaIRyUycqJhNVmRH_oc7aPnSLrRHSJGfJhR1uL-4k" for ::1 at 2020-04-08 16:42:47 -0400
  
ActionController::RoutingError (No route matches [GET] "/users/1/movies/3"):
  
actionpack (6.0.2.2) lib/action_dispatch/middleware/debug_exceptions.rb:36:in `call'
actionpack (6.0.2.2) lib/action_dispatch/middleware/show_exceptions.rb:33:in `call'
railties (6.0.2.2) lib/rails/rack/logger.rb:38:in `call_app'
railties (6.0.2.2) lib/rails/rack/logger.rb:26:in `block in call'
activesupport (6.0.2.2) lib/active_support/tagged_logging.rb:80:in `block in tagged'
activesupport (6.0.2.2) lib/active_support/tagged_logging.rb:28:in `tagged'
activesupport (6.0.2.2) lib/active_support/tagged_logging.rb:80:in `tagged'
railties (6.0.2.2) lib/rails/rack/logger.rb:26:in `call'
actionpack (6.0.2.2) lib/action_dispatch/middleware/remote_ip.rb:81:in `call'
actionpack (6.0.2.2) lib/action_dispatch/middleware/request_id.rb:27:in `call'
rack (2.2.2) lib/rack/runtime.rb:22:in `call'
activesupport (6.0.2.2) lib/active_support/cache/strategy/local_cache_middleware.rb:29:in `call'
actionpack (6.0.2.2) lib/action_dispatch/middleware/executor.rb:14:in `call'
actionpack (6.0.2.2) lib/action_dispatch/middleware/static.rb:126:in `call'
rack (2.2.2) lib/rack/sendfile.rb:110:in `call'
actionpack (6.0.2.2) lib/action_dispatch/middleware/host_authorization.rb:83:in `call'
railties (6.0.2.2) lib/rails/engine.rb:526:in `call'
puma (4.3.3) lib/puma/configuration.rb:228:in `call'
puma (4.3.3) lib/puma/server.rb:682:in `handle_request'
puma (4.3.3) lib/puma/server.rb:472:in `process_client'
puma (4.3.3) lib/puma/server.rb:328:in `block in run'
puma (4.3.3) lib/puma/thread_pool.rb:134:in `block in spawn_thread'
Started GET "/users?Authorization=Bearer%20eyJhbGciOiJIUzI1NiJ9.eyJ1c2VyX2lkIjozLCJ1c2VybmFtZSI6InJpY28zIiwiZXhwIjoxNTg2NDMzNjcwfQ.FdsaIRyUycqJhNVmRH_oc7aPnSLrRHSJGfJhR1uL-4k" for ::1 at 2020-04-08 16:45:43 -0400
  [1m[35m (0.5ms)[0m  [1m[34mSELECT "schema_migrations"."version" FROM "schema_migrations" ORDER BY "schema_migrations"."version" ASC[0m
Processing by UsersController#index as */*
  Parameters: {"Authorization"=>"Bearer eyJhbGciOiJIUzI1NiJ9.eyJ1c2VyX2lkIjozLCJ1c2VybmFtZSI6InJpY28zIiwiZXhwIjoxNTg2NDMzNjcwfQ.FdsaIRyUycqJhNVmRH_oc7aPnSLrRHSJGfJhR1uL-4k", "user"=>{}}
  [1m[36mUser Load (0.4ms)[0m  [1m[34mSELECT "users".* FROM "users"[0m
  ↳ app/controllers/users_controller.rb:8:in `index'
Completed 200 OK in 16ms (Views: 13.3ms | ActiveRecord: 4.6ms | Allocations: 5031)


Started GET "/posts" for ::1 at 2020-04-08 16:46:06 -0400
Processing by PostsController#index as */*
  Parameters: {"movie"=>{"title"=>"Midsommar", "year_released"=>2019, "director"=>"Ari Aster"}, "post"=>{}}
  [1m[36mPost Load (0.7ms)[0m  [1m[34mSELECT "posts".* FROM "posts"[0m
  ↳ app/controllers/posts_controller.rb:9:in `index'
Completed 200 OK in 9ms (Views: 5.5ms | ActiveRecord: 4.1ms | Allocations: 4488)


Started GET "/movies/3/user/1" for ::1 at 2020-04-08 16:47:04 -0400
  
ActionController::RoutingError (No route matches [GET] "/movies/3/user/1"):
  
actionpack (6.0.2.2) lib/action_dispatch/middleware/debug_exceptions.rb:36:in `call'
actionpack (6.0.2.2) lib/action_dispatch/middleware/show_exceptions.rb:33:in `call'
railties (6.0.2.2) lib/rails/rack/logger.rb:38:in `call_app'
railties (6.0.2.2) lib/rails/rack/logger.rb:26:in `block in call'
activesupport (6.0.2.2) lib/active_support/tagged_logging.rb:80:in `block in tagged'
activesupport (6.0.2.2) lib/active_support/tagged_logging.rb:28:in `tagged'
activesupport (6.0.2.2) lib/active_support/tagged_logging.rb:80:in `tagged'
railties (6.0.2.2) lib/rails/rack/logger.rb:26:in `call'
actionpack (6.0.2.2) lib/action_dispatch/middleware/remote_ip.rb:81:in `call'
actionpack (6.0.2.2) lib/action_dispatch/middleware/request_id.rb:27:in `call'
rack (2.2.2) lib/rack/runtime.rb:22:in `call'
activesupport (6.0.2.2) lib/active_support/cache/strategy/local_cache_middleware.rb:29:in `call'
actionpack (6.0.2.2) lib/action_dispatch/middleware/executor.rb:14:in `call'
actionpack (6.0.2.2) lib/action_dispatch/middleware/static.rb:126:in `call'
rack (2.2.2) lib/rack/sendfile.rb:110:in `call'
actionpack (6.0.2.2) lib/action_dispatch/middleware/host_authorization.rb:83:in `call'
railties (6.0.2.2) lib/rails/engine.rb:526:in `call'
puma (4.3.3) lib/puma/configuration.rb:228:in `call'
puma (4.3.3) lib/puma/server.rb:682:in `handle_request'
puma (4.3.3) lib/puma/server.rb:472:in `process_client'
puma (4.3.3) lib/puma/server.rb:328:in `block in run'
puma (4.3.3) lib/puma/thread_pool.rb:134:in `block in spawn_thread'
Started GET "/" for ::1 at 2020-04-09 09:59:01 -0400
  [1m[35m (1.0ms)[0m  [1m[34mSELECT "schema_migrations"."version" FROM "schema_migrations" ORDER BY "schema_migrations"."version" ASC[0m
Processing by Rails::WelcomeController#index as HTML
  Rendering /Users/rico/.rbenv/versions/2.6.4/lib/ruby/gems/2.6.0/gems/railties-6.0.2.2/lib/rails/templates/rails/welcome/index.html.erb
  Rendered /Users/rico/.rbenv/versions/2.6.4/lib/ruby/gems/2.6.0/gems/railties-6.0.2.2/lib/rails/templates/rails/welcome/index.html.erb (Duration: 10.2ms | Allocations: 482)
Completed 200 OK in 28ms (Views: 20.4ms | ActiveRecord: 0.0ms | Allocations: 2715)


Started GET "/rails/info" for ::1 at 2020-04-09 09:59:08 -0400
Processing by Rails::InfoController#index as HTML
Redirected to http://localhost:3000/rails/info/routes
Completed 302 Found in 1ms (ActiveRecord: 0.0ms | Allocations: 728)


Started GET "/rails/info/routes" for ::1 at 2020-04-09 09:59:08 -0400
Processing by Rails::InfoController#routes as HTML
  Rendering /Users/rico/.rbenv/versions/2.6.4/lib/ruby/gems/2.6.0/gems/railties-6.0.2.2/lib/rails/templates/rails/info/routes.html.erb within layouts/application
  Rendered collection of /Users/rico/.rbenv/versions/2.6.4/lib/ruby/gems/2.6.0/gems/actionpack-6.0.2.2/lib/action_dispatch/middleware/templates/routes/_route.html.erb [37 times] (Duration: 21.9ms | Allocations: 5180)
  Rendered /Users/rico/.rbenv/versions/2.6.4/lib/ruby/gems/2.6.0/gems/actionpack-6.0.2.2/lib/action_dispatch/middleware/templates/routes/_table.html.erb (Duration: 9.6ms | Allocations: 1202)
  Rendered /Users/rico/.rbenv/versions/2.6.4/lib/ruby/gems/2.6.0/gems/railties-6.0.2.2/lib/rails/templates/rails/info/routes.html.erb within layouts/application (Duration: 37.0ms | Allocations: 8769)
Completed 200 OK in 44ms (Views: 41.6ms | ActiveRecord: 0.0ms | Allocations: 9921)


Started GET "/movies" for ::1 at 2020-04-09 10:01:29 -0400
Processing by MoviesController#index as HTML
  [1m[36mMovie Load (3.3ms)[0m  [1m[34mSELECT "movies".* FROM "movies"[0m
  ↳ app/controllers/movies_controller.rb:8:in `index'
Completed 200 OK in 74ms (Views: 33.0ms | ActiveRecord: 17.5ms | Allocations: 7133)


Started GET "/movies" for ::1 at 2020-04-09 10:01:30 -0400
Processing by MoviesController#index as HTML
  [1m[36mMovie Load (0.7ms)[0m  [1m[34mSELECT "movies".* FROM "movies"[0m
  ↳ app/controllers/movies_controller.rb:8:in `index'
Completed 200 OK in 6ms (Views: 4.8ms | ActiveRecord: 0.7ms | Allocations: 1194)


Started GET "/posts" for ::1 at 2020-04-09 10:01:30 -0400
Processing by PostsController#index as HTML
  [1m[36mPost Load (1.3ms)[0m  [1m[34mSELECT "posts".* FROM "posts"[0m
  ↳ app/controllers/posts_controller.rb:9:in `index'
Completed 200 OK in 26ms (Views: 14.6ms | ActiveRecord: 4.6ms | Allocations: 5749)


Started GET "/movies" for ::1 at 2020-04-09 10:01:34 -0400
Processing by MoviesController#index as HTML
  [1m[36mMovie Load (0.4ms)[0m  [1m[34mSELECT "movies".* FROM "movies"[0m
  ↳ app/controllers/movies_controller.rb:8:in `index'
Completed 200 OK in 3ms (Views: 2.3ms | ActiveRecord: 0.4ms | Allocations: 1194)


Started GET "/posts" for ::1 at 2020-04-09 10:01:34 -0400
Processing by PostsController#index as HTML
  [1m[36mPost Load (0.3ms)[0m  [1m[34mSELECT "posts".* FROM "posts"[0m
  ↳ app/controllers/posts_controller.rb:9:in `index'
Completed 200 OK in 2ms (Views: 1.7ms | ActiveRecord: 0.3ms | Allocations: 1028)


Started GET "/movies" for ::1 at 2020-04-09 10:02:46 -0400
Processing by MoviesController#index as HTML
  [1m[36mMovie Load (3.8ms)[0m  [1m[34mSELECT "movies".* FROM "movies"[0m
  ↳ app/controllers/movies_controller.rb:8:in `index'
Completed 200 OK in 7ms (Views: 2.7ms | ActiveRecord: 3.8ms | Allocations: 1176)


Started GET "/posts" for ::1 at 2020-04-09 10:02:46 -0400
Processing by PostsController#index as HTML
  [1m[36mPost Load (0.7ms)[0m  [1m[34mSELECT "posts".* FROM "posts"[0m
  ↳ app/controllers/posts_controller.rb:9:in `index'
Completed 200 OK in 3ms (Views: 2.0ms | ActiveRecord: 0.7ms | Allocations: 1028)


Started GET "/movies" for ::1 at 2020-04-09 10:02:54 -0400
Processing by MoviesController#index as HTML
  [1m[36mMovie Load (0.3ms)[0m  [1m[34mSELECT "movies".* FROM "movies"[0m
  ↳ app/controllers/movies_controller.rb:8:in `index'
Completed 200 OK in 2ms (Views: 1.9ms | ActiveRecord: 0.3ms | Allocations: 1189)


Started GET "/posts" for ::1 at 2020-04-09 10:02:54 -0400
Processing by PostsController#index as HTML
  [1m[36mPost Load (0.3ms)[0m  [1m[34mSELECT "posts".* FROM "posts"[0m
  ↳ app/controllers/posts_controller.rb:9:in `index'
Completed 200 OK in 2ms (Views: 1.8ms | ActiveRecord: 0.3ms | Allocations: 1028)


Started GET "/movies" for ::1 at 2020-04-09 10:02:57 -0400
Processing by MoviesController#index as HTML
  [1m[36mMovie Load (0.3ms)[0m  [1m[34mSELECT "movies".* FROM "movies"[0m
  ↳ app/controllers/movies_controller.rb:8:in `index'
Completed 200 OK in 2ms (Views: 1.9ms | ActiveRecord: 0.3ms | Allocations: 1175)


Started GET "/posts" for ::1 at 2020-04-09 10:02:57 -0400
Processing by PostsController#index as HTML
  [1m[36mPost Load (0.4ms)[0m  [1m[34mSELECT "posts".* FROM "posts"[0m
  ↳ app/controllers/posts_controller.rb:9:in `index'
Completed 200 OK in 3ms (Views: 2.0ms | ActiveRecord: 0.4ms | Allocations: 1028)


Started GET "/movies" for ::1 at 2020-04-09 10:03:16 -0400
Processing by MoviesController#index as HTML
  [1m[36mMovie Load (0.9ms)[0m  [1m[34mSELECT "movies".* FROM "movies"[0m
  ↳ app/controllers/movies_controller.rb:8:in `index'
Completed 200 OK in 3ms (Views: 2.0ms | ActiveRecord: 0.9ms | Allocations: 1175)


Started GET "/posts" for ::1 at 2020-04-09 10:03:16 -0400
Processing by PostsController#index as HTML
  [1m[36mPost Load (0.4ms)[0m  [1m[34mSELECT "posts".* FROM "posts"[0m
  ↳ app/controllers/posts_controller.rb:9:in `index'
Completed 200 OK in 3ms (Views: 2.4ms | ActiveRecord: 0.4ms | Allocations: 1028)


Started GET "/movies" for ::1 at 2020-04-09 10:03:17 -0400
Processing by MoviesController#index as HTML
  [1m[36mMovie Load (0.3ms)[0m  [1m[34mSELECT "movies".* FROM "movies"[0m
  ↳ app/controllers/movies_controller.rb:8:in `index'
Completed 200 OK in 2ms (Views: 1.8ms | ActiveRecord: 0.3ms | Allocations: 1175)


Started GET "/posts" for ::1 at 2020-04-09 10:03:17 -0400
Processing by PostsController#index as HTML
  [1m[36mPost Load (0.5ms)[0m  [1m[34mSELECT "posts".* FROM "posts"[0m
  ↳ app/controllers/posts_controller.rb:9:in `index'
Completed 200 OK in 4ms (Views: 3.4ms | ActiveRecord: 0.5ms | Allocations: 1028)


Started GET "/movies" for ::1 at 2020-04-09 10:03:21 -0400
Processing by MoviesController#index as HTML
  [1m[36mMovie Load (3.6ms)[0m  [1m[34mSELECT "movies".* FROM "movies"[0m
  ↳ app/controllers/movies_controller.rb:8:in `index'
Completed 200 OK in 6ms (Views: 2.1ms | ActiveRecord: 3.6ms | Allocations: 1175)


Started GET "/posts" for ::1 at 2020-04-09 10:03:21 -0400
Processing by PostsController#index as HTML
  [1m[36mPost Load (2.2ms)[0m  [1m[34mSELECT "posts".* FROM "posts"[0m
  ↳ app/controllers/posts_controller.rb:9:in `index'
Completed 200 OK in 6ms (Views: 3.4ms | ActiveRecord: 2.2ms | Allocations: 1028)


Started GET "/movies" for ::1 at 2020-04-09 10:03:31 -0400
Processing by MoviesController#index as HTML
  [1m[36mMovie Load (4.1ms)[0m  [1m[34mSELECT "movies".* FROM "movies"[0m
  ↳ app/controllers/movies_controller.rb:8:in `index'
Completed 200 OK in 7ms (Views: 2.6ms | ActiveRecord: 4.1ms | Allocations: 1175)


Started GET "/posts" for ::1 at 2020-04-09 10:03:31 -0400
Processing by PostsController#index as HTML
  [1m[36mPost Load (1.4ms)[0m  [1m[34mSELECT "posts".* FROM "posts"[0m
  ↳ app/controllers/posts_controller.rb:9:in `index'
Completed 200 OK in 4ms (Views: 2.7ms | ActiveRecord: 1.4ms | Allocations: 1028)


Started GET "/movies" for ::1 at 2020-04-09 10:03:43 -0400
Processing by MoviesController#index as HTML
  [1m[36mMovie Load (0.5ms)[0m  [1m[34mSELECT "movies".* FROM "movies"[0m
  ↳ app/controllers/movies_controller.rb:8:in `index'
Completed 200 OK in 3ms (Views: 1.9ms | ActiveRecord: 0.5ms | Allocations: 1175)


Started GET "/posts" for ::1 at 2020-04-09 10:03:43 -0400
Processing by PostsController#index as HTML
  [1m[36mPost Load (1.4ms)[0m  [1m[34mSELECT "posts".* FROM "posts"[0m
  ↳ app/controllers/posts_controller.rb:9:in `index'
Completed 200 OK in 4ms (Views: 2.1ms | ActiveRecord: 1.4ms | Allocations: 1028)


Started GET "/movies" for ::1 at 2020-04-09 10:05:12 -0400
Processing by MoviesController#index as HTML
  [1m[36mMovie Load (2.9ms)[0m  [1m[34mSELECT "movies".* FROM "movies"[0m
  ↳ app/controllers/movies_controller.rb:8:in `index'
Completed 200 OK in 5ms (Views: 2.0ms | ActiveRecord: 2.9ms | Allocations: 1175)


Started GET "/posts" for ::1 at 2020-04-09 10:05:12 -0400
Processing by PostsController#index as HTML
  [1m[36mPost Load (1.5ms)[0m  [1m[34mSELECT "posts".* FROM "posts"[0m
  ↳ app/controllers/posts_controller.rb:9:in `index'
Completed 200 OK in 4ms (Views: 2.4ms | ActiveRecord: 1.5ms | Allocations: 1028)


